<?xml version="1.0" encoding="UTF-8"?>
<!-- Generated by org.testng.reporters.JUnitReportReporter -->
<testsuite skipped="0" hostname="SISDL18246" name="TestNGTest" tests="1" failures="0" timestamp="2021-08-16T08:38:07 CST" time="0.016" errors="0">
  <testcase name="testAdd" time="0.016" classname="TestNGTest"/>
  <system-out/>
</testsuite> <!-- TestNGTest -->
