<?xml version="1.0" encoding="UTF-8"?>
<testsuite xmlns:xsi="http://www.w3.org/2001/XMLSchema-instance" xsi:schemaLocation="https://maven.apache.org/surefire/maven-surefire-plugin/xsd/surefire-test-report.xsd" name="Junit4Test" time="0.531" tests="1" errors="0" skipped="0" failures="0">
  <properties>
    <property name="idea.version" value="2020.3.4"/>
    <property name="java.runtime.name" value="Java(TM) SE Runtime Environment"/>
    <property name="sun.boot.library.path" value="D:\Software\Java\jdk1.8.0_251\jre\bin"/>
    <property name="java.vm.version" value="25.251-b08"/>
    <property name="user.country.format" value="CN"/>
    <property name="java.vm.vendor" value="Oracle Corporation"/>
    <property name="maven.multiModuleProjectDirectory" value="D:\sgmuserprofile\sfx3ie\IdeaProjects\unittest"/>
    <property name="java.vendor.url" value="http://java.oracle.com/"/>
    <property name="path.separator" value=";"/>
    <property name="guice.disable.misplaced.annotation.check" value="true"/>
    <property name="java.vm.name" value="Java HotSpot(TM) 64-Bit Server VM"/>
    <property name="file.encoding.pkg" value="sun.io"/>
    <property name="user.script" value=""/>
    <property name="user.country" value="US"/>
    <property name="sun.java.launcher" value="SUN_STANDARD"/>
    <property name="sun.os.patch.level" value=""/>
    <property name="java.vm.specification.name" value="Java Virtual Machine Specification"/>
    <property name="user.dir" value="D:\sgmuserprofile\sfx3ie\IdeaProjects\unittest"/>
    <property name="java.runtime.version" value="1.8.0_251-b08"/>
    <property name="java.awt.graphicsenv" value="sun.awt.Win32GraphicsEnvironment"/>
    <property name="java.endorsed.dirs" value="D:\Software\Java\jdk1.8.0_251\jre\lib\endorsed"/>
    <property name="os.arch" value="amd64"/>
    <property name="java.io.tmpdir" value="D:\SGMUSE~1\sfx3ie\AppData\Local\Temp\"/>
    <property name="line.separator" value="&#10;"/>
    <property name="java.vm.specification.vendor" value="Oracle Corporation"/>
    <property name="user.variant" value=""/>
    <property name="os.name" value="Windows 10"/>
    <property name="maven.ext.class.path" value="D:\JetBrains\IntelliJ IDEA 2020.3.4\plugins\maven\lib\maven-event-listener.jar"/>
    <property name="classworlds.conf" value="D:\Software\Maven\apache-maven-3.6.3\bin\m2.conf"/>
    <property name="sun.jnu.encoding" value="GBK"/>
    <property name="java.library.path" value="D:\Software\Java\jdk1.8.0_251\bin;C:\Windows\Sun\Java\bin;C:\Windows\system32;C:\Windows;D:\Software\VMware\VMware Player\bin\;C:\Program Files\Common Files\Oracle\Java\javapath;C:\Program Files (x86)\Common Files\Oracle\Java\javapath;D:\Software\Intel\Intel(R) Management Engine Components\iCLS\;C:\Program Files\Intel\Intel(R) Management Engine Components\iCLS\;C:\Windows\system32;C:\Windows;C:\Windows\System32\Wbem;C:\Windows\System32\WindowsPowerShell\v1.0\;C:\Program Files (x86)\Enterprise Vault\EVClient\;D:\Software\Oracle\instantclient_19_5;D:\Software\Intel\Intel(R) Management Engine Components\DAL;C:\Program Files\Intel\Intel(R) Management Engine Components\DAL;D:\Software\Intel\Intel(R) Management Engine Components\IPT;C:\Program Files\Intel\Intel(R) Management Engine Components\IPT;C:\Program Files\Intel\WiFi\bin\;C:\Program Files\Common Files\Intel\WirelessCommon\;D:\Software\Python\Python37;D:\Software\Java\jdk1.8.0_251\bin;D:\Software\Java\jdk1.8.0_251\jre\bin;D:\Software\Maven\apache-maven-3.6.3\bin;D:\Software\Maven\apache-maven-3.6.3\bin;D:\Software\Micro Focus\LoadRunner\bin\Silk\Silk Performer 21.0;C:\Program Files\MySQL\MySQL Server 8.0\bin;D:\sonar-scanner-3.3.0.1492-windows\bin;C:\ProgramData\chocolatey\bin;D:\Software\PuTTY\;D:\Software\NetSarang\Xshell 7\;D:\Software\OpenSSL-Win64\bin;D:\sgmuserprofile\sfx3ie\IdeaProjects\Selenium_Study\src\main\resources\drivers;D:\Software\Gradle\gradle-4.10.3\bin;D:\Git\cmd;D:\Anaconda3\Scripts;D:\Software\Python\Python39\Scripts\;D:\Software\Python\Python39\;D:\Software\Python\Python37\Scripts\;D:\Software\Python\Python37\;D:\sgmuserprofile\sfx3ie\AppData\Local\Microsoft\WindowsApps;D:\Software\Fiddler;C:\Program Files\Intel\WiFi\bin\;C:\Program Files\Common Files\Intel\WirelessCommon\;;D:\Software\JetBrains\IntelliJ IDEA Community Edition 2019.3.1\bin;;D:\Software\JetBrains\IntelliJ IDEA 2021.1.1\bin;;D:\Software\JetBrains\PyCharm 2020.1.2\bin;;D:\Software\Microsoft VS Code\bin;C:\Program Files\Azure Data Studio\bin;."/>
    <property name="maven.conf" value="D:\Software\Maven\apache-maven-3.6.3/conf"/>
    <property name="java.specification.name" value="Java Platform API Specification"/>
    <property name="java.class.version" value="52.0"/>
    <property name="sun.management.compiler" value="HotSpot 64-Bit Tiered Compilers"/>
    <property name="maven.repo.local" value="D:\Software\repository"/>
    <property name="os.version" value="10.0"/>
    <property name="user.home" value="D:\sgmuserprofile\sfx3ie"/>
    <property name="user.timezone" value="Asia/Shanghai"/>
    <property name="java.awt.printerjob" value="sun.awt.windows.WPrinterJob"/>
    <property name="java.specification.version" value="1.8"/>
    <property name="file.encoding" value="UTF-8"/>
    <property name="user.name" value="sfx3ie"/>
    <property name="java.class.path" value="D:\Software\Maven\apache-maven-3.6.3\boot\plexus-classworlds-2.6.0.jar;D:\Software\Maven\apache-maven-3.6.3\boot\plexus-classworlds.license;D:\JetBrains\IntelliJ IDEA 2020.3.4\lib\idea_rt.jar"/>
    <property name="java.vm.specification.version" value="1.8"/>
    <property name="sun.arch.data.model" value="64"/>
    <property name="java.home" value="D:\Software\Java\jdk1.8.0_251\jre"/>
    <property name="sun.java.command" value="org.codehaus.classworlds.Launcher -Didea.version=2020.3.4 -s D:\Software\Maven\apache-maven-3.6.3\conf\settings.xml -Dmaven.repo.local=D:\Software\repository install"/>
    <property name="java.specification.vendor" value="Oracle Corporation"/>
    <property name="user.language" value="en"/>
    <property name="user.language.format" value="zh"/>
    <property name="awt.toolkit" value="sun.awt.windows.WToolkit"/>
    <property name="java.vm.info" value="mixed mode"/>
    <property name="java.version" value="1.8.0_251"/>
    <property name="java.ext.dirs" value="D:\Software\Java\jdk1.8.0_251\jre\lib\ext;C:\Windows\Sun\Java\lib\ext"/>
    <property name="sun.boot.class.path" value="D:\Software\Java\jdk1.8.0_251\jre\lib\resources.jar;D:\Software\Java\jdk1.8.0_251\jre\lib\rt.jar;D:\Software\Java\jdk1.8.0_251\jre\lib\sunrsasign.jar;D:\Software\Java\jdk1.8.0_251\jre\lib\jsse.jar;D:\Software\Java\jdk1.8.0_251\jre\lib\jce.jar;D:\Software\Java\jdk1.8.0_251\jre\lib\charsets.jar;D:\Software\Java\jdk1.8.0_251\jre\lib\jfr.jar;D:\Software\Java\jdk1.8.0_251\jre\classes"/>
    <property name="java.vendor" value="Oracle Corporation"/>
    <property name="maven.home" value="D:\Software\Maven\apache-maven-3.6.3"/>
    <property name="file.separator" value="\"/>
    <property name="java.vendor.url.bug" value="http://bugreport.sun.com/bugreport/"/>
    <property name="sun.cpu.endian" value="little"/>
    <property name="sun.io.unicode.encoding" value="UnicodeLittle"/>
    <property name="sun.desktop" value="windows"/>
    <property name="sun.cpu.isalist" value="amd64"/>
  </properties>
  <testcase name="add" classname="Junit4Test" time="0"/>
</testsuite>