<?xml version="1.0" encoding="UTF-8"?>
<!-- Generated by org.testng.reporters.JUnitReportReporter -->
<testsuite skipped="0" hostname="SISDL18246" name="Junit4Test" tests="1" failures="0" timestamp="2021-08-11T09:48:42 CST" time="0.013" errors="0">
  <testcase name="add" time="0.013" classname="Junit4Test"/>
  <system-out/>
</testsuite> <!-- Junit4Test -->
